<?xml version="1.0" encoding="UTF-8"?>
<!-- Generated by org.testng.reporters.JUnitReportReporter -->
<testsuite hostname="DESKTOP-QVFICS5" failures="0" tests="1" name="com.TestCaseDevelop.TestNGCase" time="12.893" errors="0" timestamp="2022-11-16T12:39:27 EST" skipped="0">
  <testcase classname="com.TestCaseDevelop.TestNGCase" name="TC1" time="12.893"/>
  <system-out/>
</testsuite> <!-- com.TestCaseDevelop.TestNGCase -->
