<?xml version="1.0" encoding="UTF-8"?>
<!-- Generated by org.testng.reporters.JUnitReportReporter -->
<testsuite hostname="DESKTOP-QVFICS5" failures="0" tests="2" name="com.TestCaseDevelop.TestAnnotation" time="0.012" errors="0" timestamp="2022-11-16T12:39:27 EST" skipped="0">
  <testcase classname="com.TestCaseDevelop.TestAnnotation" name="Tstc2" time="0.002"/>
  <system-out/>
  <testcase classname="com.TestCaseDevelop.TestAnnotation" name="Test1" time="0.010"/>
  <system-out/>
</testsuite> <!-- com.TestCaseDevelop.TestAnnotation -->
