<?xml version="1.0" encoding="UTF-8"?>
<!-- Generated by org.testng.reporters.JUnitReportReporter -->
<testsuite hostname="DESKTOP-QVFICS5" failures="0" tests="2" name="com.TestCaseDevelop.TestAnnotation" time="0.001" errors="0" timestamp="2022-11-22T12:09:17 EST" skipped="0">
  <testcase classname="com.TestCaseDevelop.TestAnnotation" name="Test1" time="0.001"/>
  <system-out/>
  <testcase classname="com.TestCaseDevelop.TestAnnotation" name="Tstc2" time="0.000"/>
  <system-out/>
</testsuite> <!-- com.TestCaseDevelop.TestAnnotation -->
