<?xml version="1.0" encoding="UTF-8"?>
<!-- Generated by org.testng.reporters.JUnitReportReporter -->
<testsuite hostname="DESKTOP-QVFICS5" failures="0" tests="1" name="com.TestCaseDevelop.TestNGCase" time="14.437" errors="0" timestamp="2022-11-22T12:09:17 EST" skipped="0">
  <testcase classname="com.TestCaseDevelop.TestNGCase" name="TC1" time="14.437"/>
  <system-out/>
</testsuite> <!-- com.TestCaseDevelop.TestNGCase -->
